<?xml version="1.0" encoding="UTF-8"?>
<!-- Generated by org.testng.reporters.JUnitXMLReporter -->
<testsuite hostname="LAPTOP-SGJELUFJ" ignored="0" name="Chrome" tests="3" failures="0" timestamp="2021-03-03T23:29:02 IST" time="56.083" errors="0">
  <testcase name="PrintHospitals" time="23.788" classname="TestCases.RunTestCases"/>
  <testcase name="PrintTopCities" time="5.82" classname="TestCases.RunTestCases"/>
  <testcase name="CaptureMessage" time="9.833" classname="TestCases.RunTestCases"/>
</testsuite> <!-- Chrome -->
