<?xml version="1.0" encoding="UTF-8"?>
<!-- Generated by org.testng.reporters.JUnitXMLReporter -->
<testsuite hostname="LAPTOP-SGJELUFJ" ignored="0" name="Test" tests="3" failures="0" timestamp="2021-03-03T20:19:15 IST" time="0.065" errors="0">
  <testcase name="@BeforeTest openBrowserTab" time="-1.614782955208E9" classname="TestCases.RunTestCases">
    <failure type="org.testng.TestNGException" message="
Parameter &amp;apos;browser&amp;apos; is required by BeforeTest on method openBrowserTab but has not been marked @Optional or defined
in C:\Users\nandh\eclipse-workspace\FindingHospitals\testng.xml">
      <![CDATA[org.testng.TestNGException: 
Parameter 'browser' is required by BeforeTest on method openBrowserTab but has not been marked @Optional or defined
in C:\Users\nandh\eclipse-workspace\FindingHospitals\testng.xml
... Removed 21 stack frames]]>
    </failure>
  </testcase> <!-- @BeforeTest openBrowserTab -->
  <testcase name="@AfterTest closeBrowserWindow" time="-1.614782955264E9" classname="TestCases.RunTestCases">
    <skipped/>
  </testcase> <!-- @AfterTest closeBrowserWindow -->
  <testcase name="PrintHospitals" time="0.0" classname="TestCases.RunTestCases">
    <skipped/>
  </testcase> <!-- PrintHospitals -->
  <testcase name="PrintTopCities" time="0.0" classname="TestCases.RunTestCases">
    <skipped/>
  </testcase> <!-- PrintTopCities -->
  <testcase name="CaptureMessage" time="0.0" classname="TestCases.RunTestCases">
    <skipped/>
  </testcase> <!-- CaptureMessage -->
</testsuite> <!-- Test -->
