<?xml version="1.0" encoding="UTF-8"?>
<testng-results skipped="0" failed="0" ignored="0" total="3" passed="3">
  <reporter-output>
  </reporter-output>
  <suite name="Suite" duration-ms="56083" started-at="2021-03-03T23:28:05 IST" finished-at="2021-03-03T23:29:01 IST">
    <groups>
    </groups>
    <test name="Chrome" duration-ms="56083" started-at="2021-03-03T23:28:05 IST" finished-at="2021-03-03T23:29:01 IST">
      <class name="TestCases.RunTestCases">
        <test-method status="PASS" signature="openBrowserTab(java.lang.String)[pri:0, instance:TestCases.RunTestCases@1f7030a6]" name="openBrowserTab" is-config="true" duration-ms="16365" started-at="2021-03-03T23:28:05 IST" finished-at="2021-03-03T23:28:22 IST">
          <params>
            <param index="0">
              <value>
                <![CDATA[chrome]]>
              </value>
            </param>
          </params>
          <reporter-output>
          </reporter-output>
        </test-method> <!-- openBrowserTab -->
        <test-method status="PASS" signature="PrintHospitals()[pri:0, instance:TestCases.RunTestCases@1f7030a6]" name="PrintHospitals" duration-ms="23788" started-at="2021-03-03T23:28:22 IST" finished-at="2021-03-03T23:28:46 IST">
          <reporter-output>
          </reporter-output>
        </test-method> <!-- PrintHospitals -->
        <test-method status="PASS" signature="PrintTopCities()[pri:1, instance:TestCases.RunTestCases@1f7030a6]" name="PrintTopCities" duration-ms="5820" started-at="2021-03-03T23:28:46 IST" depends-on-methods="TestCases.RunTestCases.PrintHospitals" finished-at="2021-03-03T23:28:51 IST">
          <reporter-output>
          </reporter-output>
        </test-method> <!-- PrintTopCities -->
        <test-method status="PASS" signature="CaptureMessage()[pri:2, instance:TestCases.RunTestCases@1f7030a6]" name="CaptureMessage" duration-ms="9833" started-at="2021-03-03T23:28:51 IST" depends-on-methods="TestCases.RunTestCases.PrintTopCities" finished-at="2021-03-03T23:29:01 IST">
          <reporter-output>
          </reporter-output>
        </test-method> <!-- CaptureMessage -->
        <test-method status="PASS" signature="closeBrowserWindow()[pri:0, instance:TestCases.RunTestCases@1f7030a6]" name="closeBrowserWindow" is-config="true" duration-ms="133" started-at="2021-03-03T23:29:01 IST" finished-at="2021-03-03T23:29:01 IST">
          <reporter-output>
          </reporter-output>
        </test-method> <!-- closeBrowserWindow -->
      </class> <!-- TestCases.RunTestCases -->
    </test> <!-- Chrome -->
  </suite> <!-- Suite -->
</testng-results>
