<?xml version="1.0" encoding="UTF-8"?>
<!-- Generated by org.testng.reporters.JUnitXMLReporter -->
<testsuite hostname="LAPTOP-SGJELUFJ" ignored="0" name="Default test" tests="3" failures="0" timestamp="2021-03-03T14:16:33 IST" time="32.956" errors="0">
  <testcase name="PrintHospitals" time="11.413" classname="TestCases.RunTestCases"/>
  <testcase name="PrintTopCities" time="4.5" classname="TestCases.RunTestCases"/>
  <testcase name="ReleasePage1" time="6.711" classname="TestCases.RunTestCases"/>
</testsuite> <!-- Default test -->
